{"C:\\Users\\laris\\Downloads\\Calculator - Test Cypress (2)\\Calculator - Test\\Calculator\\src\\utils\\calculate.ts": {"path":"C:\\Users\\laris\\Downloads\\Calculator - Test Cypress (2)\\Calculator - Test\\Calculator\\src\\utils\\calculate.ts","statementMap":{"0":{"start":{"line":1,"column":0},"end":{"line":1,"column":42}},"1":{"start":{"line":8,"column":20},"end":{"line":8,"column":69}},"2":{"start":{"line":9,"column":12},"end":{"line":9,"column":31}},"3":{"start":{"line":10,"column":12},"end":{"line":10,"column":33}},"4":{"start":{"line":12,"column":2},"end":{"line":12,"column":33}},"5":{"start":{"line":3,"column":0},"end":{"line":3,"column":16}}},"fnMap":{"0":{"name":"calculate","decl":{"start":{"line":3,"column":16},"end":{"line":3,"column":25}},"loc":{"start":{"line":6,"column":23},"end":{"line":13,"column":1}}}},"branchMap":{},"s":{"0":1,"1":13,"2":13,"3":13,"4":13,"5":1},"f":{"0":13},"b":{}}
,"C:\\Users\\laris\\Downloads\\Calculator - Test Cypress (2)\\Calculator - Test\\Calculator\\src\\utils\\isDot.ts": {"path":"C:\\Users\\laris\\Downloads\\Calculator - Test Cypress (2)\\Calculator - Test\\Calculator\\src\\utils\\isDot.ts","statementMap":{"0":{"start":{"line":2,"column":2},"end":{"line":2,"column":21}},"1":{"start":{"line":1,"column":0},"end":{"line":1,"column":16}}},"fnMap":{"0":{"name":"isDot","decl":{"start":{"line":1,"column":16},"end":{"line":1,"column":21}},"loc":{"start":{"line":1,"column":33},"end":{"line":3,"column":1}}}},"branchMap":{},"s":{"0":5,"1":1},"f":{"0":5},"b":{}}
,"C:\\Users\\laris\\Downloads\\Calculator - Test Cypress (2)\\Calculator - Test\\Calculator\\src\\utils\\isNumber.ts": {"path":"C:\\Users\\laris\\Downloads\\Calculator - Test Cypress (2)\\Calculator - Test\\Calculator\\src\\utils\\isNumber.ts","statementMap":{"0":{"start":{"line":1,"column":24},"end":{"line":3,"column":1}},"1":{"start":{"line":2,"column":2},"end":{"line":2,"column":null}},"2":{"start":{"line":1,"column":13},"end":{"line":1,"column":24}}},"fnMap":{"0":{"name":"(anonymous_0)","decl":{"start":{"line":1,"column":24},"end":{"line":1,"column":25}},"loc":{"start":{"line":1,"column":40},"end":{"line":3,"column":1}}}},"branchMap":{},"s":{"0":1,"1":5,"2":1},"f":{"0":5},"b":{}}
,"C:\\Users\\laris\\Downloads\\Calculator - Test Cypress (2)\\Calculator - Test\\Calculator\\src\\utils\\operations.ts": {"path":"C:\\Users\\laris\\Downloads\\Calculator - Test Cypress (2)\\Calculator - Test\\Calculator\\src\\utils\\operations.ts","statementMap":{"0":{"start":{"line":1,"column":13},"end":{"line":8,"column":2}},"1":{"start":{"line":11,"column":2},"end":{"line":11,"column":15}},"2":{"start":{"line":10,"column":0},"end":{"line":10,"column":16}},"3":{"start":{"line":15,"column":2},"end":{"line":15,"column":15}},"4":{"start":{"line":14,"column":0},"end":{"line":14,"column":16}},"5":{"start":{"line":19,"column":2},"end":{"line":19,"column":15}},"6":{"start":{"line":18,"column":0},"end":{"line":18,"column":16}},"7":{"start":{"line":23,"column":2},"end":{"line":23,"column":15}},"8":{"start":{"line":22,"column":0},"end":{"line":22,"column":16}},"9":{"start":{"line":27,"column":2},"end":{"line":27,"column":11}},"10":{"start":{"line":26,"column":0},"end":{"line":26,"column":16}},"11":{"start":{"line":31,"column":2},"end":{"line":31,"column":11}},"12":{"start":{"line":30,"column":0},"end":{"line":30,"column":16}}},"fnMap":{"0":{"name":"sum","decl":{"start":{"line":10,"column":16},"end":{"line":10,"column":19}},"loc":{"start":{"line":10,"column":40},"end":{"line":12,"column":1}}},"1":{"name":"subtract","decl":{"start":{"line":14,"column":16},"end":{"line":14,"column":24}},"loc":{"start":{"line":14,"column":45},"end":{"line":16,"column":1}}},"2":{"name":"multiply","decl":{"start":{"line":18,"column":16},"end":{"line":18,"column":24}},"loc":{"start":{"line":18,"column":45},"end":{"line":20,"column":1}}},"3":{"name":"divide","decl":{"start":{"line":22,"column":16},"end":{"line":22,"column":22}},"loc":{"start":{"line":22,"column":43},"end":{"line":24,"column":1}}},"4":{"name":"equal","decl":{"start":{"line":26,"column":16},"end":{"line":26,"column":21}},"loc":{"start":{"line":26,"column":43},"end":{"line":28,"column":1}}},"5":{"name":"allClear","decl":{"start":{"line":30,"column":16},"end":{"line":30,"column":24}},"loc":{"start":{"line":30,"column":24},"end":{"line":32,"column":1}}}},"branchMap":{},"s":{"0":2,"1":5,"2":2,"3":4,"4":2,"5":4,"6":2,"7":4,"8":2,"9":1,"10":2,"11":1,"12":2},"f":{"0":5,"1":4,"2":4,"3":4,"4":1,"5":1},"b":{}}
,"C:\\Users\\laris\\Downloads\\Calculator - Test Cypress (2)\\Calculator - Test\\Calculator\\src\\utils\\removeZeroLeft.ts": {"path":"C:\\Users\\laris\\Downloads\\Calculator - Test Cypress (2)\\Calculator - Test\\Calculator\\src\\utils\\removeZeroLeft.ts","statementMap":{"0":{"start":{"line":2,"column":2},"end":{"line":2,"column":41}},"1":{"start":{"line":2,"column":27},"end":{"line":2,"column":41}},"2":{"start":{"line":3,"column":2},"end":{"line":3,"column":54}},"3":{"start":{"line":1,"column":0},"end":{"line":1,"column":16}}},"fnMap":{"0":{"name":"removeZeroLeft","decl":{"start":{"line":1,"column":16},"end":{"line":1,"column":30}},"loc":{"start":{"line":1,"column":45},"end":{"line":4,"column":1}}}},"branchMap":{"0":{"loc":{"start":{"line":2,"column":2},"end":{"line":2,"column":41}},"type":"if","locations":[{"start":{"line":2,"column":2},"end":{"line":2,"column":41}}]},"1":{"loc":{"start":{"line":3,"column":9},"end":{"line":3,"column":53}},"type":"cond-expr","locations":[{"start":{"line":3,"column":29},"end":{"line":3,"column":44}},{"start":{"line":3,"column":47},"end":{"line":3,"column":53}}]}},"s":{"0":5,"1":1,"2":4,"3":1},"f":{"0":5},"b":{"0":[1],"1":[1,3]}}
}
